{"/Users/tluz/Documents/RestfulAPI-mocha-chai/test/todos.test.js":{"path":"/Users/tluz/Documents/RestfulAPI-mocha-chai/test/todos.test.js","s":{"1":1,"2":1,"3":1,"4":1,"5":1,"6":1,"7":1,"8":1,"9":1,"10":1,"11":1,"12":1,"13":1},"b":{"1":[0,1]},"f":{"1":1,"2":1,"3":1,"4":1,"5":1},"fnMap":{"1":{"name":"(anonymous_1)","line":9,"loc":{"start":{"line":9,"column":22},"end":{"line":9,"column":33}}},"2":{"name":"(anonymous_2)","line":14,"loc":{"start":{"line":14,"column":49},"end":{"line":14,"column":60}}},"3":{"name":"(anonymous_3)","line":15,"loc":{"start":{"line":15,"column":31},"end":{"line":15,"column":42}}},"4":{"name":"(anonymous_4)","line":16,"loc":{"start":{"line":16,"column":35},"end":{"line":16,"column":50}}},"5":{"name":"(anonymous_5)","line":18,"loc":{"start":{"line":18,"column":17},"end":{"line":18,"column":36}}}},"statementMap":{"1":{"start":{"line":3,"column":0},"end":{"line":3,"column":27}},"2":{"start":{"line":4,"column":0},"end":{"line":4,"column":35}},"3":{"start":{"line":5,"column":0},"end":{"line":5,"column":25}},"4":{"start":{"line":7,"column":0},"end":{"line":7,"column":30}},"5":{"start":{"line":9,"column":0},"end":{"line":25,"column":3}},"6":{"start":{"line":10,"column":2},"end":{"line":12,"column":4}},"7":{"start":{"line":14,"column":4},"end":{"line":24,"column":7}},"8":{"start":{"line":15,"column":6},"end":{"line":23,"column":9}},"9":{"start":{"line":16,"column":8},"end":{"line":22,"column":11}},"10":{"start":{"line":17,"column":10},"end":{"line":21,"column":15}},"11":{"start":{"line":19,"column":14},"end":{"line":19,"column":51}},"12":{"start":{"line":20,"column":14},"end":{"line":20,"column":21}},"13":{"start":{"line":27,"column":0},"end":{"line":27,"column":11}}},"branchMap":{"1":{"line":27,"type":"if","locations":[{"start":{"line":27,"column":0},"end":{"line":27,"column":0}},{"start":{"line":27,"column":0},"end":{"line":27,"column":0}}]}}}}